{"D:\\Coding\\ISDI Coders\\Daily Challenges\\Week 6\\challenge-weekend\\back\\src\\database\\models\\Robot.js": {"path":"D:\\Coding\\ISDI Coders\\Daily Challenges\\Week 6\\challenge-weekend\\back\\src\\database\\models\\Robot.js","statementMap":{"0":{"start":{"line":1,"column":26},"end":{"line":1,"column":45}},"1":{"start":{"line":3,"column":20},"end":{"line":30,"column":2}},"2":{"start":{"line":24,"column":8},"end":{"line":24,"column":44}},"3":{"start":{"line":26,"column":26},"end":{"line":26,"column":69}},"4":{"start":{"line":32,"column":14},"end":{"line":32,"column":51}},"5":{"start":{"line":34,"column":0},"end":{"line":34,"column":23}}},"fnMap":{"0":{"name":"(anonymous_0)","decl":{"start":{"line":23,"column":6},"end":{"line":23,"column":7}},"loc":{"start":{"line":23,"column":19},"end":{"line":25,"column":7}},"line":23},"1":{"name":"(anonymous_1)","decl":{"start":{"line":26,"column":15},"end":{"line":26,"column":16}},"loc":{"start":{"line":26,"column":26},"end":{"line":26,"column":69}},"line":26}},"branchMap":{},"s":{"0":0,"1":0,"2":0,"3":0,"4":0,"5":0},"f":{"0":0,"1":0},"b":{}}
,"D:\\Coding\\ISDI Coders\\Daily Challenges\\Week 6\\challenge-weekend\\back\\src\\server\\middlewares\\errors.js": {"path":"D:\\Coding\\ISDI Coders\\Daily Challenges\\Week 6\\challenge-weekend\\back\\src\\server\\middlewares\\errors.js","statementMap":{"0":{"start":{"line":1,"column":14},"end":{"line":1,"column":30}},"1":{"start":{"line":2,"column":14},"end":{"line":2,"column":68}},"2":{"start":{"line":4,"column":22},"end":{"line":7,"column":1}},"3":{"start":{"line":5,"column":2},"end":{"line":5,"column":18}},"4":{"start":{"line":6,"column":2},"end":{"line":6,"column":59}},"5":{"start":{"line":10,"column":21},"end":{"line":16,"column":1}},"6":{"start":{"line":11,"column":2},"end":{"line":11,"column":44}},"7":{"start":{"line":12,"column":20},"end":{"line":12,"column":35}},"8":{"start":{"line":13,"column":23},"end":{"line":13,"column":71}},"9":{"start":{"line":14,"column":2},"end":{"line":14,"column":24}},"10":{"start":{"line":15,"column":2},"end":{"line":15,"column":51}},"11":{"start":{"line":18,"column":0},"end":{"line":18,"column":49}}},"fnMap":{"0":{"name":"(anonymous_0)","decl":{"start":{"line":4,"column":22},"end":{"line":4,"column":23}},"loc":{"start":{"line":4,"column":36},"end":{"line":7,"column":1}},"line":4},"1":{"name":"(anonymous_1)","decl":{"start":{"line":10,"column":21},"end":{"line":10,"column":22}},"loc":{"start":{"line":10,"column":46},"end":{"line":16,"column":1}},"line":10}},"branchMap":{"0":{"loc":{"start":{"line":12,"column":20},"end":{"line":12,"column":35}},"type":"binary-expr","locations":[{"start":{"line":12,"column":20},"end":{"line":12,"column":28}},{"start":{"line":12,"column":32},"end":{"line":12,"column":35}}],"line":12},"1":{"loc":{"start":{"line":13,"column":23},"end":{"line":13,"column":71}},"type":"cond-expr","locations":[{"start":{"line":13,"column":34},"end":{"line":13,"column":45}},{"start":{"line":13,"column":48},"end":{"line":13,"column":71}}],"line":13}},"s":{"0":1,"1":1,"2":1,"3":1,"4":1,"5":1,"6":2,"7":2,"8":2,"9":2,"10":2,"11":1},"f":{"0":1,"1":2},"b":{"0":[2,1],"1":[1,1]},"_coverageSchema":"1a1c01bbd47fc00a2c39e90264f33305004495a9","hash":"24d96b3f64a012ff59fbfb1a68053785a4e40360"}
}
