{"D:\\Coding\\ISDI Coders\\Daily Challenges\\Week 6\\challenge-weekend\\back\\src\\controllers\\robotsController.js": {"path":"D:\\Coding\\ISDI Coders\\Daily Challenges\\Week 6\\challenge-weekend\\back\\src\\controllers\\robotsController.js","statementMap":{"0":{"start":{"line":1,"column":14},"end":{"line":1,"column":49}},"1":{"start":{"line":3,"column":21},"end":{"line":6,"column":1}},"2":{"start":{"line":4,"column":17},"end":{"line":4,"column":35}},"3":{"start":{"line":5,"column":2},"end":{"line":5,"column":23}},"4":{"start":{"line":8,"column":20},"end":{"line":23,"column":1}},"5":{"start":{"line":9,"column":17},"end":{"line":9,"column":27}},"6":{"start":{"line":10,"column":2},"end":{"line":22,"column":3}},"7":{"start":{"line":11,"column":22},"end":{"line":11,"column":55}},"8":{"start":{"line":12,"column":4},"end":{"line":18,"column":5}},"9":{"start":{"line":13,"column":6},"end":{"line":13,"column":26}},"10":{"start":{"line":15,"column":20},"end":{"line":15,"column":48}},"11":{"start":{"line":16,"column":6},"end":{"line":16,"column":23}},"12":{"start":{"line":17,"column":6},"end":{"line":17,"column":18}},"13":{"start":{"line":20,"column":4},"end":{"line":20,"column":21}},"14":{"start":{"line":21,"column":4},"end":{"line":21,"column":16}},"15":{"start":{"line":25,"column":0},"end":{"line":25,"column":47}}},"fnMap":{"0":{"name":"(anonymous_0)","decl":{"start":{"line":3,"column":21},"end":{"line":3,"column":22}},"loc":{"start":{"line":3,"column":41},"end":{"line":6,"column":1}},"line":3},"1":{"name":"(anonymous_1)","decl":{"start":{"line":8,"column":20},"end":{"line":8,"column":21}},"loc":{"start":{"line":8,"column":46},"end":{"line":23,"column":1}},"line":8}},"branchMap":{"0":{"loc":{"start":{"line":12,"column":4},"end":{"line":18,"column":5}},"type":"if","locations":[{"start":{"line":12,"column":4},"end":{"line":18,"column":5}},{"start":{"line":14,"column":11},"end":{"line":18,"column":5}}],"line":12}},"s":{"0":1,"1":1,"2":1,"3":1,"4":1,"5":3,"6":3,"7":3,"8":3,"9":2,"10":1,"11":1,"12":1,"13":1,"14":1,"15":1},"f":{"0":1,"1":3},"b":{"0":[2,1]},"_coverageSchema":"1a1c01bbd47fc00a2c39e90264f33305004495a9","hash":"41de1e9590d4350bde2288d7a1c93afb79a2e230"}
,"D:\\Coding\\ISDI Coders\\Daily Challenges\\Week 6\\challenge-weekend\\back\\src\\database\\models\\Robot.js": {"path":"D:\\Coding\\ISDI Coders\\Daily Challenges\\Week 6\\challenge-weekend\\back\\src\\database\\models\\Robot.js","statementMap":{"0":{"start":{"line":1,"column":26},"end":{"line":1,"column":45}},"1":{"start":{"line":3,"column":20},"end":{"line":29,"column":2}},"2":{"start":{"line":24,"column":8},"end":{"line":24,"column":44}},"3":{"start":{"line":26,"column":26},"end":{"line":26,"column":69}},"4":{"start":{"line":31,"column":14},"end":{"line":31,"column":51}},"5":{"start":{"line":33,"column":0},"end":{"line":33,"column":23}}},"fnMap":{"0":{"name":"(anonymous_0)","decl":{"start":{"line":23,"column":6},"end":{"line":23,"column":7}},"loc":{"start":{"line":23,"column":19},"end":{"line":25,"column":7}},"line":23},"1":{"name":"(anonymous_1)","decl":{"start":{"line":26,"column":15},"end":{"line":26,"column":16}},"loc":{"start":{"line":26,"column":26},"end":{"line":26,"column":69}},"line":26}},"branchMap":{},"s":{"0":1,"1":1,"2":0,"3":0,"4":1,"5":1},"f":{"0":0,"1":0},"b":{},"_coverageSchema":"1a1c01bbd47fc00a2c39e90264f33305004495a9","hash":"10093747af9aaec569d8ac86bda08dcb7d86b9ba"}
,"D:\\Coding\\ISDI Coders\\Daily Challenges\\Week 6\\challenge-weekend\\back\\src\\server\\middlewares\\errors.js": {"path":"D:\\Coding\\ISDI Coders\\Daily Challenges\\Week 6\\challenge-weekend\\back\\src\\server\\middlewares\\errors.js","statementMap":{"0":{"start":{"line":1,"column":14},"end":{"line":1,"column":30}},"1":{"start":{"line":2,"column":14},"end":{"line":2,"column":68}},"2":{"start":{"line":4,"column":22},"end":{"line":7,"column":1}},"3":{"start":{"line":5,"column":2},"end":{"line":5,"column":18}},"4":{"start":{"line":6,"column":2},"end":{"line":6,"column":59}},"5":{"start":{"line":10,"column":21},"end":{"line":16,"column":1}},"6":{"start":{"line":11,"column":2},"end":{"line":11,"column":44}},"7":{"start":{"line":12,"column":20},"end":{"line":12,"column":35}},"8":{"start":{"line":13,"column":23},"end":{"line":13,"column":71}},"9":{"start":{"line":14,"column":2},"end":{"line":14,"column":24}},"10":{"start":{"line":15,"column":2},"end":{"line":15,"column":51}},"11":{"start":{"line":18,"column":0},"end":{"line":18,"column":49}}},"fnMap":{"0":{"name":"(anonymous_0)","decl":{"start":{"line":4,"column":22},"end":{"line":4,"column":23}},"loc":{"start":{"line":4,"column":36},"end":{"line":7,"column":1}},"line":4},"1":{"name":"(anonymous_1)","decl":{"start":{"line":10,"column":21},"end":{"line":10,"column":22}},"loc":{"start":{"line":10,"column":46},"end":{"line":16,"column":1}},"line":10}},"branchMap":{"0":{"loc":{"start":{"line":12,"column":20},"end":{"line":12,"column":35}},"type":"binary-expr","locations":[{"start":{"line":12,"column":20},"end":{"line":12,"column":28}},{"start":{"line":12,"column":32},"end":{"line":12,"column":35}}],"line":12},"1":{"loc":{"start":{"line":13,"column":23},"end":{"line":13,"column":71}},"type":"cond-expr","locations":[{"start":{"line":13,"column":34},"end":{"line":13,"column":45}},{"start":{"line":13,"column":48},"end":{"line":13,"column":71}}],"line":13}},"s":{"0":1,"1":1,"2":1,"3":1,"4":1,"5":1,"6":2,"7":2,"8":2,"9":2,"10":2,"11":1},"f":{"0":1,"1":2},"b":{"0":[2,1],"1":[1,1]},"_coverageSchema":"1a1c01bbd47fc00a2c39e90264f33305004495a9","hash":"24d96b3f64a012ff59fbfb1a68053785a4e40360"}
,"D:\\Coding\\ISDI Coders\\Daily Challenges\\Week 6\\challenge-weekend\\back\\src\\server\\routers\\robotsRouter.js": {"path":"D:\\Coding\\ISDI Coders\\Daily Challenges\\Week 6\\challenge-weekend\\back\\src\\server\\routers\\robotsRouter.js","statementMap":{"0":{"start":{"line":1,"column":16},"end":{"line":1,"column":34}},"1":{"start":{"line":2,"column":21},"end":{"line":2,"column":66}},"2":{"start":{"line":4,"column":21},"end":{"line":4,"column":37}},"3":{"start":{"line":6,"column":0},"end":{"line":6,"column":36}},"4":{"start":{"line":8,"column":0},"end":{"line":8,"column":30}}},"fnMap":{},"branchMap":{},"s":{"0":0,"1":0,"2":0,"3":0,"4":0},"f":{},"b":{}}
}
